# JRE version: OpenJDK Runtime Environment (21.0.5) (build 21.0.5+-12932927-b750.29)
# Java VM: OpenJDK 64-Bit Server VM (21.0.5+-12932927-b750.29, mixed mode, tiered, compressed oops, compressed class ptrs, g1 gc, windows-amd64)
GC Precious Log:
 CardTable entry size: 512
 Card Set container configuration: InlinePtr #cards 5 size 8 Array Of Cards #cards 12 size 40 Howl #buckets 4 coarsen threshold 1843 Howl Bitmap #cards 512 size 80 coarsen threshold 460 Card regions per heap region 1 cards per card region 2048
 CPUs: 4 total, 4 available
 Memory: 8077M
 Large Page Support: Disabled
 NUMA Support: Disabled
 Compressed Oops: Enabled (32-bit)
 Heap Region Size: 1M
 Heap Min Capacity: 8M
 Heap Initial Capacity: 128M
 Heap Max Capacity: 2G
 Pre-touch: Disabled
 Parallel Workers: 4
 Concurrent Workers: 1
 Concurrent Refinement Workers: 4
 Periodic GC: Disabled
Heap:
 garbage-first heap   total 336896K, used 238080K [0x0000000080000000, 0x0000000100000000)
  region size 1024K, 29 young (29696K), 13 survivors (13312K)
 Metaspace       used 151192K, committed 152640K, reserved 1245184K
  class space    used 19161K, committed 19904K, reserved 1048576K
GC Heap History (20 events):
Event: 62.337 GC heap before
{Heap before GC invocations=51 (full 0):
 garbage-first heap   total 266240K, used 247223K [0x0000000080000000, 0x0000000100000000)
  region size 1024K, 90 young (92160K), 3 survivors (3072K)
 Metaspace       used 129048K, committed 131328K, reserved 1179648K
  class space    used 16983K, committed 18176K, reserved 1048576K
}
Event: 62.350 GC heap after
{Heap after GC invocations=52 (full 0):
 garbage-first heap   total 266240K, used 159350K [0x0000000080000000, 0x0000000100000000)
  region size 1024K, 4 young (4096K), 4 survivors (4096K)
 Metaspace       used 129048K, committed 131328K, reserved 1179648K
  class space    used 16983K, committed 18176K, reserved 1048576K
}
Event: 65.684 GC heap before
{Heap before GC invocations=52 (full 0):
 garbage-first heap   total 266240K, used 246390K [0x0000000080000000, 0x0000000100000000)
  region size 1024K, 90 young (92160K), 4 survivors (4096K)
 Metaspace       used 130405K, committed 132800K, reserved 1179648K
  class space    used 17142K, committed 18368K, reserved 1048576K
}
Event: 65.710 GC heap after
{Heap after GC invocations=53 (full 0):
 garbage-first heap   total 266240K, used 164863K [0x0000000080000000, 0x0000000100000000)
  region size 1024K, 9 young (9216K), 9 survivors (9216K)
 Metaspace       used 130405K, committed 132800K, reserved 1179648K
  class space    used 17142K, committed 18368K, reserved 1048576K
}
Event: 73.562 GC heap before
{Heap before GC invocations=54 (full 0):
 garbage-first heap   total 276480K, used 240639K [0x0000000080000000, 0x0000000100000000)
  region size 1024K, 84 young (86016K), 9 survivors (9216K)
 Metaspace       used 136407K, committed 138816K, reserved 1179648K
  class space    used 17755K, committed 18944K, reserved 1048576K
}
Event: 73.587 GC heap after
{Heap after GC invocations=55 (full 0):
 garbage-first heap   total 276480K, used 167100K [0x0000000080000000, 0x0000000100000000)
  region size 1024K, 8 young (8192K), 8 survivors (8192K)
 Metaspace       used 136407K, committed 138816K, reserved 1179648K
  class space    used 17755K, committed 18944K, reserved 1048576K
}
Event: 2620.987 GC heap before
{Heap before GC invocations=55 (full 0):
 garbage-first heap   total 276480K, used 252092K [0x0000000080000000, 0x0000000100000000)
  region size 1024K, 92 young (94208K), 8 survivors (8192K)
 Metaspace       used 139723K, committed 142080K, reserved 1179648K
  class space    used 18104K, committed 19328K, reserved 1048576K
}
Event: 2621.016 GC heap after
{Heap after GC invocations=56 (full 0):
 garbage-first heap   total 276480K, used 168688K [0x0000000080000000, 0x0000000100000000)
  region size 1024K, 6 young (6144K), 6 survivors (6144K)
 Metaspace       used 139723K, committed 142080K, reserved 1179648K
  class space    used 18104K, committed 19328K, reserved 1048576K
}
Event: 2622.612 GC heap before
{Heap before GC invocations=56 (full 0):
 garbage-first heap   total 276480K, used 206576K [0x0000000080000000, 0x0000000100000000)
  region size 1024K, 45 young (46080K), 6 survivors (6144K)
 Metaspace       used 141426K, committed 143872K, reserved 1179648K
  class space    used 18268K, committed 19520K, reserved 1048576K
}
Event: 2622.628 GC heap after
{Heap after GC invocations=57 (full 0):
 garbage-first heap   total 276480K, used 172905K [0x0000000080000000, 0x0000000100000000)
  region size 1024K, 10 young (10240K), 10 survivors (10240K)
 Metaspace       used 141426K, committed 143872K, reserved 1179648K
  class space    used 18268K, committed 19520K, reserved 1048576K
}
Event: 2626.527 GC heap before
{Heap before GC invocations=58 (full 0):
 garbage-first heap   total 293888K, used 250729K [0x0000000080000000, 0x0000000100000000)
  region size 1024K, 85 young (87040K), 10 survivors (10240K)
 Metaspace       used 143151K, committed 146112K, reserved 1179648K
  class space    used 18019K, committed 19712K, reserved 1048576K
}
Event: 2626.640 GC heap after
{Heap after GC invocations=59 (full 0):
 garbage-first heap   total 293888K, used 179707K [0x0000000080000000, 0x0000000100000000)
  region size 1024K, 11 young (11264K), 11 survivors (11264K)
 Metaspace       used 143151K, committed 146112K, reserved 1179648K
  class space    used 18019K, committed 19712K, reserved 1048576K
}
Event: 4297.316 GC heap before
{Heap before GC invocations=59 (full 0):
 garbage-first heap   total 293888K, used 265723K [0x0000000080000000, 0x0000000100000000)
  region size 1024K, 96 young (98304K), 11 survivors (11264K)
 Metaspace       used 145467K, committed 147456K, reserved 1179648K
  class space    used 18307K, committed 19712K, reserved 1048576K
}
Event: 4297.364 GC heap after
{Heap after GC invocations=60 (full 0):
 garbage-first heap   total 293888K, used 180616K [0x0000000080000000, 0x0000000100000000)
  region size 1024K, 5 young (5120K), 5 survivors (5120K)
 Metaspace       used 145467K, committed 147456K, reserved 1179648K
  class space    used 18307K, committed 19712K, reserved 1048576K
}
Event: 4872.303 GC heap before
{Heap before GC invocations=60 (full 0):
 garbage-first heap   total 293888K, used 271752K [0x0000000080000000, 0x0000000100000000)
  region size 1024K, 95 young (97280K), 5 survivors (5120K)
 Metaspace       used 148229K, committed 150016K, reserved 1179648K
  class space    used 18753K, committed 19776K, reserved 1048576K
}
Event: 4872.327 GC heap after
{Heap after GC invocations=61 (full 0):
 garbage-first heap   total 293888K, used 189440K [0x0000000080000000, 0x0000000100000000)
  region size 1024K, 12 young (12288K), 12 survivors (12288K)
 Metaspace       used 148229K, committed 150016K, reserved 1179648K
  class space    used 18753K, committed 19776K, reserved 1048576K
}
Event: 4874.138 GC heap before
{Heap before GC invocations=62 (full 0):
 garbage-first heap   total 316416K, used 264192K [0x0000000080000000, 0x0000000100000000)
  region size 1024K, 86 young (88064K), 12 survivors (12288K)
 Metaspace       used 149209K, committed 150784K, reserved 1245184K
  class space    used 18953K, committed 19776K, reserved 1048576K
}
Event: 4874.169 GC heap after
{Heap after GC invocations=63 (full 0):
 garbage-first heap   total 316416K, used 196960K [0x0000000080000000, 0x0000000100000000)
  region size 1024K, 7 young (7168K), 7 survivors (7168K)
 Metaspace       used 149209K, committed 150784K, reserved 1245184K
  class space    used 18953K, committed 19776K, reserved 1048576K
}
Event: 4876.486 GC heap before
{Heap before GC invocations=63 (full 0):
 garbage-first heap   total 316416K, used 300384K [0x0000000080000000, 0x0000000100000000)
  region size 1024K, 100 young (102400K), 7 survivors (7168K)
 Metaspace       used 150907K, committed 152384K, reserved 1245184K
  class space    used 19127K, committed 19840K, reserved 1048576K
}
Event: 4876.541 GC heap after
{Heap after GC invocations=64 (full 0):
 garbage-first heap   total 336896K, used 222720K [0x0000000080000000, 0x0000000100000000)
  region size 1024K, 13 young (13312K), 13 survivors (13312K)
 Metaspace       used 150907K, committed 152384K, reserved 1245184K
  class space    used 19127K, committed 19840K, reserved 1048576K
}

